0 info it worked if it ends with ok
1 verbose cli [ '/Users/gordoj14/.nvm/versions/node/v0.12.10/bin/node',
1 verbose cli   '/Users/gordoj14/.nvm/versions/node/v0.12.10/bin/npm',
1 verbose cli   'publish' ]
2 info using npm@2.14.9
3 info using node@v0.12.10
4 verbose publish [ '.' ]
5 silly cache add args [ '.', null ]
6 verbose cache add spec .
7 silly cache add parsed spec { raw: '.',
7 silly cache add   scope: null,
7 silly cache add   name: null,
7 silly cache add   rawSpec: '.',
7 silly cache add   spec: '/Users/gordoj14/Src/package-json-cleaner',
7 silly cache add   type: 'directory' }
8 verbose addLocalDirectory /Users/gordoj14/.npm/package-json-cleaner/0.0.4/package.tgz not in flight; packing
9 verbose tar pack [ '/Users/gordoj14/.npm/package-json-cleaner/0.0.4/package.tgz',
9 verbose tar pack   '/Users/gordoj14/Src/package-json-cleaner' ]
10 verbose tarball /Users/gordoj14/.npm/package-json-cleaner/0.0.4/package.tgz
11 verbose folder /Users/gordoj14/Src/package-json-cleaner
12 info prepublish package-json-cleaner@0.0.4
13 verbose addLocalTarball adding from inside cache /Users/gordoj14/.npm/package-json-cleaner/0.0.4/package.tgz
14 silly cache afterAdd package-json-cleaner@0.0.4
15 verbose afterAdd /Users/gordoj14/.npm/package-json-cleaner/0.0.4/package/package.json not in flight; writing
16 verbose afterAdd /Users/gordoj14/.npm/package-json-cleaner/0.0.4/package/package.json written
17 silly publish { name: 'package-json-cleaner',
17 silly publish   version: '0.0.4',
17 silly publish   description: 'A cli tool that will recursively search your project for usages of packages and clean up your package.json file',
17 silly publish   main: 'index.js',
17 silly publish   dependencies:
17 silly publish    { chalk: '^1.1.1',
17 silly publish      jsonfile: '^2.2.3',
17 silly publish      ramda: '^0.19.1',
17 silly publish      'readline-sync': '^1.3.1' },
17 silly publish   devDependencies: { 'babel-preset-es2015': '^6.5.0', 'babel-register': '^6.5.2' },
17 silly publish   bin: { 'package-json-cleaner': './index.js' },
17 silly publish   scripts: { test: 'find ./src/test -name \'*.spec.js\' | xargs mocha --compilers js:babel-register' },
17 silly publish   author: { name: 'Joseph Gordon' },
17 silly publish   license: 'MIT',
17 silly publish   gitHead: 'f6a41a638fe14ece33ab8522a1f6095bcd12c7aa',
17 silly publish   readme: 'ERROR: No README data found!',
17 silly publish   _id: 'package-json-cleaner@0.0.4',
17 silly publish   _shasum: '3036aaf0e99b3172fdb6ca0f519f4192819eb80d',
17 silly publish   _from: '.' }
18 verbose getPublishConfig undefined
19 silly mapToRegistry name package-json-cleaner
20 silly mapToRegistry using default registry
21 silly mapToRegistry registry https://registry.npmjs.org/
22 silly mapToRegistry uri https://registry.npmjs.org/package-json-cleaner
23 verbose publish registryBase https://registry.npmjs.org/
24 silly publish uploading /Users/gordoj14/.npm/package-json-cleaner/0.0.4/package.tgz
25 verbose request uri https://registry.npmjs.org/package-json-cleaner
26 verbose request sending authorization for write operation
27 info attempt registry request try #1 at 3:51:20 PM
28 verbose request using bearer token for auth
29 verbose request id 087e95a56d283675
30 http request PUT https://registry.npmjs.org/package-json-cleaner
31 http 403 https://registry.npmjs.org/package-json-cleaner
32 verbose headers { 'content-type': 'application/json',
32 verbose headers   'cache-control': 'max-age=300',
32 verbose headers   'content-length': '95',
32 verbose headers   'accept-ranges': 'bytes',
32 verbose headers   date: 'Mon, 22 Feb 2016 15:51:21 GMT',
32 verbose headers   via: '1.1 varnish',
32 verbose headers   connection: 'keep-alive',
32 verbose headers   'x-served-by': 'cache-lcy1127-LCY',
32 verbose headers   'x-cache': 'MISS',
32 verbose headers   'x-cache-hits': '0',
32 verbose headers   'x-timer': 'S1456156280.382303,VS0,VE952' }
33 verbose request invalidating /Users/gordoj14/.npm/registry.npmjs.org/package-json-cleaner on PUT
34 error publish Failed PUT 403
35 verbose stack Error: "You cannot publish over the previously published version 0.0.4." : package-json-cleaner
35 verbose stack     at makeError (/Users/gordoj14/.nvm/versions/node/v0.12.10/lib/node_modules/npm/node_modules/npm-registry-client/lib/request.js:264:12)
35 verbose stack     at CachingRegistryClient.<anonymous> (/Users/gordoj14/.nvm/versions/node/v0.12.10/lib/node_modules/npm/node_modules/npm-registry-client/lib/request.js:252:14)
35 verbose stack     at Request._callback (/Users/gordoj14/.nvm/versions/node/v0.12.10/lib/node_modules/npm/node_modules/npm-registry-client/lib/request.js:172:14)
35 verbose stack     at Request.self.callback (/Users/gordoj14/.nvm/versions/node/v0.12.10/lib/node_modules/npm/node_modules/request/request.js:198:22)
35 verbose stack     at Request.emit (events.js:110:17)
35 verbose stack     at Request.<anonymous> (/Users/gordoj14/.nvm/versions/node/v0.12.10/lib/node_modules/npm/node_modules/request/request.js:1082:10)
35 verbose stack     at Request.emit (events.js:129:20)
35 verbose stack     at IncomingMessage.<anonymous> (/Users/gordoj14/.nvm/versions/node/v0.12.10/lib/node_modules/npm/node_modules/request/request.js:1009:12)
35 verbose stack     at IncomingMessage.emit (events.js:129:20)
35 verbose stack     at _stream_readable.js:908:16
36 verbose statusCode 403
37 verbose pkgid package-json-cleaner
38 verbose cwd /Users/gordoj14/Src/package-json-cleaner
39 error Darwin 14.5.0
40 error argv "/Users/gordoj14/.nvm/versions/node/v0.12.10/bin/node" "/Users/gordoj14/.nvm/versions/node/v0.12.10/bin/npm" "publish"
41 error node v0.12.10
42 error npm  v2.14.9
43 error code E403
44 error "You cannot publish over the previously published version 0.0.4." : package-json-cleaner
45 error If you need help, you may report this error at:
45 error     <https://github.com/npm/npm/issues>
46 verbose exit [ 1, true ]
